[2024-11-30T15:31:21.837+0600] {processor.py:161} INFO - Started process (PID=10057) to work on /Users/nt/main_env/lib/python3.12/site-packages/airflow/example_dags/example_python_operator.py
[2024-11-30T15:31:21.838+0600] {processor.py:830} INFO - Processing file /Users/nt/main_env/lib/python3.12/site-packages/airflow/example_dags/example_python_operator.py for tasks to queue
[2024-11-30T15:31:21.838+0600] {logging_mixin.py:188} INFO - [2024-11-30T15:31:21.838+0600] {dagbag.py:540} INFO - Filling up the DagBag from /Users/nt/main_env/lib/python3.12/site-packages/airflow/example_dags/example_python_operator.py
[2024-11-30T15:31:21.846+0600] {logging_mixin.py:188} INFO - [2024-11-30T15:31:21.846+0600] {example_python_operator.py:93} WARNING - The virtalenv_python example task requires virtualenv, please install it.
[2024-11-30T15:31:21.847+0600] {processor.py:840} INFO - DAG(s) 'example_python_operator' retrieved from /Users/nt/main_env/lib/python3.12/site-packages/airflow/example_dags/example_python_operator.py
[2024-11-30T15:31:21.903+0600] {logging_mixin.py:188} INFO - [2024-11-30T15:31:21.903+0600] {override.py:1911} INFO - Created Permission View: can edit on DAG:example_python_operator
[2024-11-30T15:31:21.906+0600] {logging_mixin.py:188} INFO - [2024-11-30T15:31:21.906+0600] {override.py:1911} INFO - Created Permission View: can delete on DAG:example_python_operator
[2024-11-30T15:31:21.908+0600] {logging_mixin.py:188} INFO - [2024-11-30T15:31:21.908+0600] {override.py:1911} INFO - Created Permission View: can read on DAG:example_python_operator
[2024-11-30T15:31:21.908+0600] {logging_mixin.py:188} INFO - [2024-11-30T15:31:21.908+0600] {dag.py:3096} INFO - Sync 1 DAGs
[2024-11-30T15:31:21.912+0600] {logging_mixin.py:188} INFO - [2024-11-30T15:31:21.912+0600] {dag.py:3118} INFO - Creating ORM DAG for example_python_operator
[2024-11-30T15:31:21.912+0600] {logging_mixin.py:188} INFO - [2024-11-30T15:31:21.912+0600] {dag.py:3954} INFO - Setting next_dagrun for example_python_operator to None, run_after=None
[2024-11-30T15:31:21.918+0600] {processor.py:183} INFO - Processing /Users/nt/main_env/lib/python3.12/site-packages/airflow/example_dags/example_python_operator.py took 0.081 seconds
[2024-11-30T15:32:45.059+0600] {processor.py:161} INFO - Started process (PID=10202) to work on /Users/nt/main_env/lib/python3.12/site-packages/airflow/example_dags/example_python_operator.py
[2024-11-30T15:32:45.060+0600] {processor.py:830} INFO - Processing file /Users/nt/main_env/lib/python3.12/site-packages/airflow/example_dags/example_python_operator.py for tasks to queue
[2024-11-30T15:32:45.060+0600] {logging_mixin.py:188} INFO - [2024-11-30T15:32:45.060+0600] {dagbag.py:540} INFO - Filling up the DagBag from /Users/nt/main_env/lib/python3.12/site-packages/airflow/example_dags/example_python_operator.py
[2024-11-30T15:32:45.068+0600] {logging_mixin.py:188} INFO - [2024-11-30T15:32:45.068+0600] {example_python_operator.py:93} WARNING - The virtalenv_python example task requires virtualenv, please install it.
[2024-11-30T15:32:45.069+0600] {processor.py:840} INFO - DAG(s) 'example_python_operator' retrieved from /Users/nt/main_env/lib/python3.12/site-packages/airflow/example_dags/example_python_operator.py
[2024-11-30T15:32:45.099+0600] {logging_mixin.py:188} INFO - [2024-11-30T15:32:45.099+0600] {dag.py:3096} INFO - Sync 1 DAGs
[2024-11-30T15:32:45.102+0600] {logging_mixin.py:188} INFO - [2024-11-30T15:32:45.102+0600] {dag.py:3954} INFO - Setting next_dagrun for example_python_operator to None, run_after=None
[2024-11-30T15:32:45.107+0600] {processor.py:183} INFO - Processing /Users/nt/main_env/lib/python3.12/site-packages/airflow/example_dags/example_python_operator.py took 0.050 seconds
