[2024-11-30T15:30:38.135+0600] {manager.py:470} INFO - Processing files using up to 1 processes at a time 
[2024-11-30T15:30:38.135+0600] {manager.py:471} INFO - Process each file at most once every 30 seconds
[2024-11-30T15:30:38.135+0600] {manager.py:472} INFO - Checking for new files in /Users/nt/airflow/dags every 300 seconds
[2024-11-30T15:30:38.135+0600] {manager.py:737} INFO - Searching for files in /Users/nt/airflow/dags
[2024-11-30T15:30:38.151+0600] {manager.py:740} INFO - There are 52 files in /Users/nt/airflow/dags
[2024-11-30T15:30:38.862+0600] {manager.py:878} INFO - 
================================================================================
DAG File Processing Stats

File Path                                                                                                                        PID    Runtime      # DAGs    # Errors  Last Runtime    Last Run
-------------------------------------------------------------------------------------------------------------------------------  -----  ---------  --------  ----------  --------------  -------------------
/Users/nt/airflow/dags/dag.py                                                                                                                             1           0  0.68s           2024-11-30T09:30:38
/Users/nt/main_env/lib/python3.12/site-packages/airflow/example_dags/example_latest_only.py                                                               0           0
/Users/nt/main_env/lib/python3.12/site-packages/airflow/example_dags/example_local_kubernetes_executor.py                                                 0           0
/Users/nt/main_env/lib/python3.12/site-packages/airflow/example_dags/example_task_group_decorator.py                                                      0           0
/Users/nt/main_env/lib/python3.12/site-packages/airflow/example_dags/example_complex.py                                                                   0           0
/Users/nt/main_env/lib/python3.12/site-packages/airflow/example_dags/example_python_operator.py                                                           0           0
/Users/nt/main_env/lib/python3.12/site-packages/airflow/example_dags/tutorial_taskflow_api_virtualenv.py                                                  0           0
/Users/nt/main_env/lib/python3.12/site-packages/airflow/example_dags/example_params_trigger_ui.py                                                         0           0
/Users/nt/main_env/lib/python3.12/site-packages/airflow/example_dags/example_external_task_marker_dag.py                                                  0           0
/Users/nt/main_env/lib/python3.12/site-packages/airflow/example_dags/tutorial_objectstorage.py                                                            0           0
/Users/nt/main_env/lib/python3.12/site-packages/airflow/example_dags/example_bash_operator.py                                                             0           0
/Users/nt/main_env/lib/python3.12/site-packages/airflow/example_dags/example_short_circuit_operator.py                                                    0           0
/Users/nt/main_env/lib/python3.12/site-packages/airflow/example_dags/example_setup_teardown.py                                                            0           0
/Users/nt/main_env/lib/python3.12/site-packages/airflow/example_dags/example_branch_operator.py                                                           0           0
/Users/nt/main_env/lib/python3.12/site-packages/airflow/example_dags/example_branch_labels.py                                                             0           0
/Users/nt/main_env/lib/python3.12/site-packages/airflow/example_dags/tutorial_taskflow_api.py                                                             0           0
/Users/nt/main_env/lib/python3.12/site-packages/airflow/example_dags/example_task_group.py                                                                0           0
/Users/nt/main_env/lib/python3.12/site-packages/airflow/example_dags/tutorial.py                                                                          0           0
/Users/nt/main_env/lib/python3.12/site-packages/airflow/example_dags/example_python_decorator.py                                                          0           0
/Users/nt/main_env/lib/python3.12/site-packages/airflow/example_dags/example_sla_dag.py                                                                   0           0
/Users/nt/main_env/lib/python3.12/site-packages/airflow/example_dags/example_passing_params_via_test_command.py                                           0           0
/Users/nt/main_env/lib/python3.12/site-packages/airflow/example_dags/example_latest_only_with_trigger.py                                                  0           0
/Users/nt/main_env/lib/python3.12/site-packages/airflow/example_dags/example_time_delta_sensor_async.py                                                   0           0
/Users/nt/main_env/lib/python3.12/site-packages/airflow/example_dags/example_dag_decorator.py                                                             0           0
/Users/nt/main_env/lib/python3.12/site-packages/airflow/example_dags/example_xcom.py                                                                      0           0
/Users/nt/main_env/lib/python3.12/site-packages/airflow/example_dags/example_xcomargs.py                                                                  0           0
/Users/nt/main_env/lib/python3.12/site-packages/airflow/example_dags/example_display_name.py                                                              0           0
/Users/nt/main_env/lib/python3.12/site-packages/airflow/example_dags/example_branch_operator_decorator.py                                                 0           0
/Users/nt/main_env/lib/python3.12/site-packages/airflow/example_dags/example_branch_day_of_week_operator.py                                               0           0
/Users/nt/main_env/lib/python3.12/site-packages/airflow/example_dags/example_skip_dag.py                                                                  0           0
/Users/nt/main_env/lib/python3.12/site-packages/airflow/example_dags/example_short_circuit_decorator.py                                                   0           0
/Users/nt/main_env/lib/python3.12/site-packages/airflow/example_dags/example_datasets.py                                                                  0           0
/Users/nt/main_env/lib/python3.12/site-packages/airflow/example_dags/tutorial_dag.py                                                                      0           0
/Users/nt/main_env/lib/python3.12/site-packages/airflow/example_dags/example_trigger_target_dag.py                                                        0           0
/Users/nt/main_env/lib/python3.12/site-packages/airflow/example_dags/example_bash_decorator.py                                                            0           0
/Users/nt/main_env/lib/python3.12/site-packages/airflow/example_dags/example_sensor_decorator.py                                                          0           0
/Users/nt/main_env/lib/python3.12/site-packages/airflow/example_dags/example_kubernetes_executor.py                                                       0           0
/Users/nt/main_env/lib/python3.12/site-packages/airflow/example_dags/example_branch_python_dop_operator_3.py                                              0           0
/Users/nt/main_env/lib/python3.12/site-packages/airflow/example_dags/example_sensors.py                                                                   0           0
/Users/nt/main_env/lib/python3.12/site-packages/airflow/example_dags/example_setup_teardown_taskflow.py                                                   0           0
/Users/nt/main_env/lib/python3.12/site-packages/airflow/example_dags/example_branch_datetime_operator.py                                                  0           0
/Users/nt/main_env/lib/python3.12/site-packages/airflow/example_dags/example_nested_branch_dag.py                                                         0           0
/Users/nt/main_env/lib/python3.12/site-packages/airflow/example_dags/example_subdag_operator.py                                                           0           0
/Users/nt/main_env/lib/python3.12/site-packages/airflow/example_dags/example_dynamic_task_mapping_with_no_taskflow_operators.py                           0           0
/Users/nt/main_env/lib/python3.12/site-packages/airflow/example_dags/example_trigger_controller_dag.py                                                    0           0
/Users/nt/main_env/lib/python3.12/site-packages/airflow/example_dags/example_params_ui_tutorial.py                                                        0           0
/Users/nt/main_env/lib/python3.12/site-packages/airflow/example_dags/example_dynamic_task_mapping.py                                                      0           0
/Users/nt/main_env/lib/python3.12/site-packages/airflow/example_dags/plugins/decreasing_priority_weight_strategy.py                                       0           0
/Users/nt/main_env/lib/python3.12/site-packages/airflow/example_dags/plugins/workday.py                                                                   0           0
/Users/nt/main_env/lib/python3.12/site-packages/airflow/example_dags/plugins/event_listener.py                                                            0           0
/Users/nt/main_env/lib/python3.12/site-packages/airflow/example_dags/plugins/listener_plugin.py                                                           0           0
/Users/nt/main_env/lib/python3.12/site-packages/airflow/example_dags/subdags/subdag.py                                                                    0           0
================================================================================
[2024-11-30T15:31:09.139+0600] {manager.py:878} INFO - 
================================================================================
DAG File Processing Stats

File Path                                                                                                                        PID    Runtime      # DAGs    # Errors  Last Runtime    Last Run
-------------------------------------------------------------------------------------------------------------------------------  -----  ---------  --------  ----------  --------------  -------------------
/Users/nt/main_env/lib/python3.12/site-packages/airflow/example_dags/example_subdag_operator.py                                                           3           0  0.75s           2024-11-30T09:31:07
/Users/nt/main_env/lib/python3.12/site-packages/airflow/example_dags/tutorial_taskflow_api_virtualenv.py                                                  0           0  0.75s           2024-11-30T09:30:48
/Users/nt/main_env/lib/python3.12/site-packages/airflow/example_dags/tutorial_taskflow_api.py                                                             1           0  0.75s           2024-11-30T09:30:50
/Users/nt/main_env/lib/python3.12/site-packages/airflow/example_dags/example_sla_dag.py                                                                   1           0  0.74s           2024-11-30T09:31:09
/Users/nt/main_env/lib/python3.12/site-packages/airflow/example_dags/tutorial_dag.py                                                                      1           0  0.74s           2024-11-30T09:30:53
/Users/nt/main_env/lib/python3.12/site-packages/airflow/example_dags/example_time_delta_sensor_async.py                                                   1           0  0.73s           2024-11-30T09:31:02
/Users/nt/main_env/lib/python3.12/site-packages/airflow/example_dags/example_task_group_decorator.py                                                      1           0  0.72s           2024-11-30T09:31:04
/Users/nt/main_env/lib/python3.12/site-packages/airflow/example_dags/example_trigger_target_dag.py                                                        1           0  0.72s           2024-11-30T09:30:59
/Users/nt/main_env/lib/python3.12/site-packages/airflow/example_dags/tutorial_objectstorage.py                                                            1           0  0.71s           2024-11-30T09:30:51
/Users/nt/main_env/lib/python3.12/site-packages/airflow/example_dags/example_trigger_controller_dag.py                                                    1           0  0.71s           2024-11-30T09:31:00
/Users/nt/main_env/lib/python3.12/site-packages/airflow/example_dags/example_xcom.py                                                                      1           0  0.71s           2024-11-30T09:30:57
/Users/nt/main_env/lib/python3.12/site-packages/airflow/example_dags/example_task_group.py                                                                1           0  0.71s           2024-11-30T09:31:06
/Users/nt/main_env/lib/python3.12/site-packages/airflow/example_dags/example_xcomargs.py                                                                  2           0  0.70s           2024-11-30T09:30:55
/Users/nt/airflow/dags/dag.py                                                                                                                             1           0  0.68s           2024-11-30T09:30:38
/Users/nt/main_env/lib/python3.12/site-packages/airflow/example_dags/plugins/listener_plugin.py                                                           0           0  0.66s           2024-11-30T09:30:43
/Users/nt/main_env/lib/python3.12/site-packages/airflow/example_dags/plugins/workday.py                                                                   0           0  0.65s           2024-11-30T09:30:42
/Users/nt/main_env/lib/python3.12/site-packages/airflow/example_dags/tutorial.py                                                                          1           0  0.65s           2024-11-30T09:30:54
/Users/nt/main_env/lib/python3.12/site-packages/airflow/example_dags/plugins/decreasing_priority_weight_strategy.py                                       0           0  0.65s           2024-11-30T09:30:46
/Users/nt/main_env/lib/python3.12/site-packages/airflow/example_dags/plugins/event_listener.py                                                            0           0  0.63s           2024-11-30T09:30:44
/Users/nt/main_env/lib/python3.12/site-packages/airflow/example_dags/subdags/subdag.py                                                                    0           0  0.62s           2024-11-30T09:30:40
/Users/nt/main_env/lib/python3.12/site-packages/airflow/example_dags/example_latest_only.py                                                               0           0
/Users/nt/main_env/lib/python3.12/site-packages/airflow/example_dags/example_local_kubernetes_executor.py                                                 0           0
/Users/nt/main_env/lib/python3.12/site-packages/airflow/example_dags/example_complex.py                                                                   0           0
/Users/nt/main_env/lib/python3.12/site-packages/airflow/example_dags/example_python_operator.py                                                           0           0
/Users/nt/main_env/lib/python3.12/site-packages/airflow/example_dags/example_params_trigger_ui.py                                                         0           0
/Users/nt/main_env/lib/python3.12/site-packages/airflow/example_dags/example_external_task_marker_dag.py                                                  0           0
/Users/nt/main_env/lib/python3.12/site-packages/airflow/example_dags/example_bash_operator.py                                                             0           0
/Users/nt/main_env/lib/python3.12/site-packages/airflow/example_dags/example_short_circuit_operator.py                                                    0           0
/Users/nt/main_env/lib/python3.12/site-packages/airflow/example_dags/example_setup_teardown.py                                                            0           0
/Users/nt/main_env/lib/python3.12/site-packages/airflow/example_dags/example_branch_operator.py                                                           0           0
/Users/nt/main_env/lib/python3.12/site-packages/airflow/example_dags/example_branch_labels.py                                                             0           0
/Users/nt/main_env/lib/python3.12/site-packages/airflow/example_dags/example_python_decorator.py                                                          0           0
/Users/nt/main_env/lib/python3.12/site-packages/airflow/example_dags/example_passing_params_via_test_command.py                                           0           0
/Users/nt/main_env/lib/python3.12/site-packages/airflow/example_dags/example_latest_only_with_trigger.py                                                  0           0
/Users/nt/main_env/lib/python3.12/site-packages/airflow/example_dags/example_dag_decorator.py                                                             0           0
/Users/nt/main_env/lib/python3.12/site-packages/airflow/example_dags/example_display_name.py                                                              0           0
/Users/nt/main_env/lib/python3.12/site-packages/airflow/example_dags/example_branch_operator_decorator.py                                                 0           0
/Users/nt/main_env/lib/python3.12/site-packages/airflow/example_dags/example_branch_day_of_week_operator.py                                               0           0
/Users/nt/main_env/lib/python3.12/site-packages/airflow/example_dags/example_skip_dag.py                                                                  0           0
/Users/nt/main_env/lib/python3.12/site-packages/airflow/example_dags/example_short_circuit_decorator.py                                                   0           0
/Users/nt/main_env/lib/python3.12/site-packages/airflow/example_dags/example_datasets.py                                                                  0           0
/Users/nt/main_env/lib/python3.12/site-packages/airflow/example_dags/example_bash_decorator.py                                                            0           0
/Users/nt/main_env/lib/python3.12/site-packages/airflow/example_dags/example_sensor_decorator.py                                                          0           0
/Users/nt/main_env/lib/python3.12/site-packages/airflow/example_dags/example_kubernetes_executor.py                                                       0           0
/Users/nt/main_env/lib/python3.12/site-packages/airflow/example_dags/example_branch_python_dop_operator_3.py                                              0           0
/Users/nt/main_env/lib/python3.12/site-packages/airflow/example_dags/example_sensors.py                                                                   0           0
/Users/nt/main_env/lib/python3.12/site-packages/airflow/example_dags/example_setup_teardown_taskflow.py                                                   0           0
/Users/nt/main_env/lib/python3.12/site-packages/airflow/example_dags/example_branch_datetime_operator.py                                                  0           0
/Users/nt/main_env/lib/python3.12/site-packages/airflow/example_dags/example_nested_branch_dag.py                                                         0           0
/Users/nt/main_env/lib/python3.12/site-packages/airflow/example_dags/example_dynamic_task_mapping_with_no_taskflow_operators.py                           0           0
/Users/nt/main_env/lib/python3.12/site-packages/airflow/example_dags/example_params_ui_tutorial.py                                                        0           0
/Users/nt/main_env/lib/python3.12/site-packages/airflow/example_dags/example_dynamic_task_mapping.py                                                      0           0
================================================================================
[2024-11-30T15:31:40.097+0600] {manager.py:878} INFO - 
================================================================================
DAG File Processing Stats

File Path                                                                                                                        PID    Runtime      # DAGs    # Errors  Last Runtime    Last Run
-------------------------------------------------------------------------------------------------------------------------------  -----  ---------  --------  ----------  --------------  -------------------
/Users/nt/main_env/lib/python3.12/site-packages/airflow/example_dags/example_external_task_marker_dag.py                                                  2           0  0.80s           2024-11-30T09:31:36
/Users/nt/main_env/lib/python3.12/site-packages/airflow/example_dags/example_python_decorator.py                                                          1           0  0.76s           2024-11-30T09:31:23
/Users/nt/main_env/lib/python3.12/site-packages/airflow/example_dags/example_subdag_operator.py                                                           3           0  0.75s           2024-11-30T09:31:07
/Users/nt/main_env/lib/python3.12/site-packages/airflow/example_dags/tutorial_taskflow_api_virtualenv.py                                                  0           0  0.75s           2024-11-30T09:30:48
/Users/nt/main_env/lib/python3.12/site-packages/airflow/example_dags/tutorial_taskflow_api.py                                                             1           0  0.75s           2024-11-30T09:30:50
/Users/nt/main_env/lib/python3.12/site-packages/airflow/example_dags/example_sla_dag.py                                                                   1           0  0.74s           2024-11-30T09:31:09
/Users/nt/main_env/lib/python3.12/site-packages/airflow/example_dags/tutorial_dag.py                                                                      1           0  0.74s           2024-11-30T09:30:53
/Users/nt/main_env/lib/python3.12/site-packages/airflow/example_dags/example_dynamic_task_mapping_with_no_taskflow_operators.py                           1           0  0.73s           2024-11-30T09:31:38
/Users/nt/main_env/lib/python3.12/site-packages/airflow/example_dags/example_time_delta_sensor_async.py                                                   1           0  0.73s           2024-11-30T09:31:02
/Users/nt/main_env/lib/python3.12/site-packages/airflow/example_dags/example_params_ui_tutorial.py                                                        1           0  0.73s           2024-11-30T09:31:26
/Users/nt/main_env/lib/python3.12/site-packages/airflow/example_dags/example_setup_teardown_taskflow.py                                                   1           0  0.73s           2024-11-30T09:31:15
/Users/nt/main_env/lib/python3.12/site-packages/airflow/example_dags/example_passing_params_via_test_command.py                                           1           0  0.72s           2024-11-30T09:31:24
/Users/nt/main_env/lib/python3.12/site-packages/airflow/example_dags/example_short_circuit_decorator.py                                                   1           0  0.72s           2024-11-30T09:31:13
/Users/nt/main_env/lib/python3.12/site-packages/airflow/example_dags/example_task_group_decorator.py                                                      1           0  0.72s           2024-11-30T09:31:04
/Users/nt/main_env/lib/python3.12/site-packages/airflow/example_dags/example_trigger_target_dag.py                                                        1           0  0.72s           2024-11-30T09:30:59
/Users/nt/main_env/lib/python3.12/site-packages/airflow/example_dags/tutorial_objectstorage.py                                                            1           0  0.71s           2024-11-30T09:30:51
/Users/nt/main_env/lib/python3.12/site-packages/airflow/example_dags/example_dynamic_task_mapping.py                                                      1           0  0.71s           2024-11-30T09:31:40
/Users/nt/main_env/lib/python3.12/site-packages/airflow/example_dags/example_sensors.py                                                                   1           0  0.71s           2024-11-30T09:31:18
/Users/nt/main_env/lib/python3.12/site-packages/airflow/example_dags/example_trigger_controller_dag.py                                                    1           0  0.71s           2024-11-30T09:31:00
/Users/nt/main_env/lib/python3.12/site-packages/airflow/example_dags/example_xcom.py                                                                      1           0  0.71s           2024-11-30T09:30:57
/Users/nt/main_env/lib/python3.12/site-packages/airflow/example_dags/example_task_group.py                                                                1           0  0.71s           2024-11-30T09:31:06
/Users/nt/main_env/lib/python3.12/site-packages/airflow/example_dags/example_short_circuit_operator.py                                                    1           0  0.70s           2024-11-30T09:31:11
/Users/nt/main_env/lib/python3.12/site-packages/airflow/example_dags/example_xcomargs.py                                                                  2           0  0.70s           2024-11-30T09:30:55
/Users/nt/main_env/lib/python3.12/site-packages/airflow/example_dags/example_sensor_decorator.py                                                          1           0  0.70s           2024-11-30T09:31:20
/Users/nt/main_env/lib/python3.12/site-packages/airflow/example_dags/example_python_operator.py                                                           1           0  0.69s           2024-11-30T09:31:22
/Users/nt/main_env/lib/python3.12/site-packages/airflow/example_dags/example_params_trigger_ui.py                                                         1           0  0.69s           2024-11-30T09:31:27
/Users/nt/main_env/lib/python3.12/site-packages/airflow/example_dags/example_skip_dag.py                                                                  1           0  0.69s           2024-11-30T09:31:09
/Users/nt/main_env/lib/python3.12/site-packages/airflow/example_dags/example_latest_only_with_trigger.py                                                  1           0  0.69s           2024-11-30T09:31:31
/Users/nt/main_env/lib/python3.12/site-packages/airflow/example_dags/example_setup_teardown.py                                                            1           0  0.68s           2024-11-30T09:31:16
/Users/nt/main_env/lib/python3.12/site-packages/airflow/example_dags/example_nested_branch_dag.py                                                         1           0  0.68s           2024-11-30T09:31:29
/Users/nt/main_env/lib/python3.12/site-packages/airflow/example_dags/example_latest_only.py                                                               1           0  0.68s           2024-11-30T09:31:33
/Users/nt/airflow/dags/dag.py                                                                                                                             1           0  0.68s           2024-11-30T09:30:38
/Users/nt/main_env/lib/python3.12/site-packages/airflow/example_dags/plugins/listener_plugin.py                                                           0           0  0.66s           2024-11-30T09:30:43
/Users/nt/main_env/lib/python3.12/site-packages/airflow/example_dags/plugins/workday.py                                                                   0           0  0.65s           2024-11-30T09:30:42
/Users/nt/main_env/lib/python3.12/site-packages/airflow/example_dags/tutorial.py                                                                          1           0  0.65s           2024-11-30T09:30:54
/Users/nt/main_env/lib/python3.12/site-packages/airflow/example_dags/plugins/decreasing_priority_weight_strategy.py                                       0           0  0.65s           2024-11-30T09:30:46
/Users/nt/main_env/lib/python3.12/site-packages/airflow/example_dags/example_kubernetes_executor.py                                                       0           0  0.64s           2024-11-30T09:31:35
/Users/nt/main_env/lib/python3.12/site-packages/airflow/example_dags/example_local_kubernetes_executor.py                                                 0           0  0.64s           2024-11-30T09:31:30
/Users/nt/main_env/lib/python3.12/site-packages/airflow/example_dags/plugins/event_listener.py                                                            0           0  0.63s           2024-11-30T09:30:44
/Users/nt/main_env/lib/python3.12/site-packages/airflow/example_dags/subdags/subdag.py                                                                    0           0  0.62s           2024-11-30T09:30:40
/Users/nt/main_env/lib/python3.12/site-packages/airflow/example_dags/example_complex.py                                                                   0           0
/Users/nt/main_env/lib/python3.12/site-packages/airflow/example_dags/example_bash_operator.py                                                             0           0
/Users/nt/main_env/lib/python3.12/site-packages/airflow/example_dags/example_branch_operator.py                                                           0           0
/Users/nt/main_env/lib/python3.12/site-packages/airflow/example_dags/example_branch_labels.py                                                             0           0
/Users/nt/main_env/lib/python3.12/site-packages/airflow/example_dags/example_dag_decorator.py                                                             0           0
/Users/nt/main_env/lib/python3.12/site-packages/airflow/example_dags/example_display_name.py                                                              0           0
/Users/nt/main_env/lib/python3.12/site-packages/airflow/example_dags/example_branch_operator_decorator.py                                                 0           0
/Users/nt/main_env/lib/python3.12/site-packages/airflow/example_dags/example_branch_day_of_week_operator.py                                               0           0
/Users/nt/main_env/lib/python3.12/site-packages/airflow/example_dags/example_datasets.py                                                                  0           0
/Users/nt/main_env/lib/python3.12/site-packages/airflow/example_dags/example_bash_decorator.py                                                            0           0
/Users/nt/main_env/lib/python3.12/site-packages/airflow/example_dags/example_branch_python_dop_operator_3.py                                              0           0
/Users/nt/main_env/lib/python3.12/site-packages/airflow/example_dags/example_branch_datetime_operator.py                                                  0           0
================================================================================
[2024-11-30T15:32:10.789+0600] {manager.py:878} INFO - 
================================================================================
DAG File Processing Stats

File Path                                                                                                                        PID    Runtime      # DAGs    # Errors  Last Runtime    Last Run
-------------------------------------------------------------------------------------------------------------------------------  -----  ---------  --------  ----------  --------------  -------------------
/Users/nt/main_env/lib/python3.12/site-packages/airflow/example_dags/example_external_task_marker_dag.py                                                  2           0  0.80s           2024-11-30T09:31:36
/Users/nt/main_env/lib/python3.12/site-packages/airflow/example_dags/example_datasets.py                                                                 10           0  0.77s           2024-11-30T09:31:42
/Users/nt/main_env/lib/python3.12/site-packages/airflow/example_dags/example_python_decorator.py                                                          1           0  0.76s           2024-11-30T09:31:23
/Users/nt/airflow/dags/dag.py                                                                                                                             1           0  0.75s           2024-11-30T09:32:00
/Users/nt/main_env/lib/python3.12/site-packages/airflow/example_dags/example_dag_decorator.py                                                             1           0  0.75s           2024-11-30T09:31:44
/Users/nt/main_env/lib/python3.12/site-packages/airflow/example_dags/example_subdag_operator.py                                                           3           0  0.75s           2024-11-30T09:31:07
/Users/nt/main_env/lib/python3.12/site-packages/airflow/example_dags/tutorial_taskflow_api.py                                                             1           0  0.75s           2024-11-30T09:30:50
/Users/nt/main_env/lib/python3.12/site-packages/airflow/example_dags/example_sla_dag.py                                                                   1           0  0.74s           2024-11-30T09:31:09
/Users/nt/main_env/lib/python3.12/site-packages/airflow/example_dags/tutorial_dag.py                                                                      1           0  0.74s           2024-11-30T09:30:53
/Users/nt/main_env/lib/python3.12/site-packages/airflow/example_dags/example_dynamic_task_mapping_with_no_taskflow_operators.py                           1           0  0.73s           2024-11-30T09:31:38
/Users/nt/main_env/lib/python3.12/site-packages/airflow/example_dags/example_time_delta_sensor_async.py                                                   1           0  0.73s           2024-11-30T09:31:02
/Users/nt/main_env/lib/python3.12/site-packages/airflow/example_dags/example_params_ui_tutorial.py                                                        1           0  0.73s           2024-11-30T09:31:26
/Users/nt/main_env/lib/python3.12/site-packages/airflow/example_dags/example_setup_teardown_taskflow.py                                                   1           0  0.73s           2024-11-30T09:31:15
/Users/nt/main_env/lib/python3.12/site-packages/airflow/example_dags/example_complex.py                                                                   1           0  0.72s           2024-11-30T09:31:46
/Users/nt/main_env/lib/python3.12/site-packages/airflow/example_dags/example_passing_params_via_test_command.py                                           1           0  0.72s           2024-11-30T09:31:24
/Users/nt/main_env/lib/python3.12/site-packages/airflow/example_dags/example_short_circuit_decorator.py                                                   1           0  0.72s           2024-11-30T09:31:13
/Users/nt/main_env/lib/python3.12/site-packages/airflow/example_dags/example_task_group_decorator.py                                                      1           0  0.72s           2024-11-30T09:31:04
/Users/nt/main_env/lib/python3.12/site-packages/airflow/example_dags/example_trigger_target_dag.py                                                        1           0  0.72s           2024-11-30T09:30:59
/Users/nt/main_env/lib/python3.12/site-packages/airflow/example_dags/tutorial_objectstorage.py                                                            1           0  0.71s           2024-11-30T09:30:51
/Users/nt/main_env/lib/python3.12/site-packages/airflow/example_dags/example_display_name.py                                                              1           0  0.71s           2024-11-30T09:31:41
/Users/nt/main_env/lib/python3.12/site-packages/airflow/example_dags/example_dynamic_task_mapping.py                                                      1           0  0.71s           2024-11-30T09:31:40
/Users/nt/main_env/lib/python3.12/site-packages/airflow/example_dags/example_sensors.py                                                                   1           0  0.71s           2024-11-30T09:31:18
/Users/nt/main_env/lib/python3.12/site-packages/airflow/example_dags/example_trigger_controller_dag.py                                                    1           0  0.71s           2024-11-30T09:31:00
/Users/nt/main_env/lib/python3.12/site-packages/airflow/example_dags/example_xcom.py                                                                      1           0  0.71s           2024-11-30T09:30:57
/Users/nt/main_env/lib/python3.12/site-packages/airflow/example_dags/example_branch_datetime_operator.py                                                  3           0  0.71s           2024-11-30T09:31:55
/Users/nt/main_env/lib/python3.12/site-packages/airflow/example_dags/example_task_group.py                                                                1           0  0.71s           2024-11-30T09:31:06
/Users/nt/main_env/lib/python3.12/site-packages/airflow/example_dags/example_short_circuit_operator.py                                                    1           0  0.70s           2024-11-30T09:31:11
/Users/nt/main_env/lib/python3.12/site-packages/airflow/example_dags/example_xcomargs.py                                                                  2           0  0.70s           2024-11-30T09:30:55
/Users/nt/main_env/lib/python3.12/site-packages/airflow/example_dags/example_sensor_decorator.py                                                          1           0  0.70s           2024-11-30T09:31:20
/Users/nt/main_env/lib/python3.12/site-packages/airflow/example_dags/example_branch_python_dop_operator_3.py                                              1           0  0.70s           2024-11-30T09:31:48
/Users/nt/main_env/lib/python3.12/site-packages/airflow/example_dags/example_python_operator.py                                                           1           0  0.69s           2024-11-30T09:31:22
/Users/nt/main_env/lib/python3.12/site-packages/airflow/example_dags/example_params_trigger_ui.py                                                         1           0  0.69s           2024-11-30T09:31:27
/Users/nt/main_env/lib/python3.12/site-packages/airflow/example_dags/example_skip_dag.py                                                                  1           0  0.69s           2024-11-30T09:31:09
/Users/nt/main_env/lib/python3.12/site-packages/airflow/example_dags/example_bash_operator.py                                                             1           0  0.69s           2024-11-30T09:31:57
/Users/nt/main_env/lib/python3.12/site-packages/airflow/example_dags/example_branch_day_of_week_operator.py                                               1           0  0.69s           2024-11-30T09:31:53
/Users/nt/main_env/lib/python3.12/site-packages/airflow/example_dags/example_latest_only_with_trigger.py                                                  1           0  0.69s           2024-11-30T09:31:31
/Users/nt/main_env/lib/python3.12/site-packages/airflow/example_dags/example_bash_decorator.py                                                            1           0  0.68s           2024-11-30T09:31:58
/Users/nt/main_env/lib/python3.12/site-packages/airflow/example_dags/example_branch_labels.py                                                             1           0  0.68s           2024-11-30T09:31:52
/Users/nt/main_env/lib/python3.12/site-packages/airflow/example_dags/example_setup_teardown.py                                                            1           0  0.68s           2024-11-30T09:31:16
/Users/nt/main_env/lib/python3.12/site-packages/airflow/example_dags/example_nested_branch_dag.py                                                         1           0  0.68s           2024-11-30T09:31:29
/Users/nt/main_env/lib/python3.12/site-packages/airflow/example_dags/example_latest_only.py                                                               1           0  0.68s           2024-11-30T09:31:33
/Users/nt/main_env/lib/python3.12/site-packages/airflow/example_dags/plugins/event_listener.py                                                            0           0  0.66s           2024-11-30T09:32:07
/Users/nt/main_env/lib/python3.12/site-packages/airflow/example_dags/subdags/subdag.py                                                                    0           0  0.65s           2024-11-30T09:32:02
/Users/nt/main_env/lib/python3.12/site-packages/airflow/example_dags/plugins/workday.py                                                                   0           0  0.65s           2024-11-30T09:32:04
/Users/nt/main_env/lib/python3.12/site-packages/airflow/example_dags/tutorial.py                                                                          1           0  0.65s           2024-11-30T09:30:54
/Users/nt/main_env/lib/python3.12/site-packages/airflow/example_dags/example_branch_operator_decorator.py                                                 0           0  0.65s           2024-11-30T09:31:49
/Users/nt/main_env/lib/python3.12/site-packages/airflow/example_dags/plugins/listener_plugin.py                                                           0           0  0.65s           2024-11-30T09:32:05
/Users/nt/main_env/lib/python3.12/site-packages/airflow/example_dags/example_kubernetes_executor.py                                                       0           0  0.64s           2024-11-30T09:31:35
/Users/nt/main_env/lib/python3.12/site-packages/airflow/example_dags/tutorial_taskflow_api_virtualenv.py                                                  0           0  0.64s           2024-11-30T09:32:10
/Users/nt/main_env/lib/python3.12/site-packages/airflow/example_dags/example_local_kubernetes_executor.py                                                 0           0  0.64s           2024-11-30T09:31:30
/Users/nt/main_env/lib/python3.12/site-packages/airflow/example_dags/example_branch_operator.py                                                           0           0  0.63s           2024-11-30T09:31:51
/Users/nt/main_env/lib/python3.12/site-packages/airflow/example_dags/plugins/decreasing_priority_weight_strategy.py                                       0           0  0.62s           2024-11-30T09:32:09
================================================================================
[2024-11-30T15:32:41.827+0600] {manager.py:878} INFO - 
================================================================================
DAG File Processing Stats

File Path                                                                                                                        PID    Runtime      # DAGs    # Errors  Last Runtime    Last Run
-------------------------------------------------------------------------------------------------------------------------------  -----  ---------  --------  ----------  --------------  -------------------
/Users/nt/main_env/lib/python3.12/site-packages/airflow/example_dags/example_external_task_marker_dag.py                                                  2           0  0.80s           2024-11-30T09:31:36
/Users/nt/main_env/lib/python3.12/site-packages/airflow/example_dags/example_datasets.py                                                                 10           0  0.77s           2024-11-30T09:31:42
/Users/nt/main_env/lib/python3.12/site-packages/airflow/example_dags/example_python_decorator.py                                                          1           0  0.76s           2024-11-30T09:31:23
/Users/nt/main_env/lib/python3.12/site-packages/airflow/example_dags/example_xcom.py                                                                      1           0  0.75s           2024-11-30T09:32:21
/Users/nt/airflow/dags/dag.py                                                                                                                             1           0  0.75s           2024-11-30T09:32:00
/Users/nt/main_env/lib/python3.12/site-packages/airflow/example_dags/example_dag_decorator.py                                                             1           0  0.75s           2024-11-30T09:31:44
/Users/nt/main_env/lib/python3.12/site-packages/airflow/example_dags/example_dynamic_task_mapping_with_no_taskflow_operators.py                           1           0  0.73s           2024-11-30T09:31:38
/Users/nt/main_env/lib/python3.12/site-packages/airflow/example_dags/example_params_ui_tutorial.py                                                        1           0  0.73s           2024-11-30T09:31:26
/Users/nt/main_env/lib/python3.12/site-packages/airflow/example_dags/example_sla_dag.py                                                                   1           0  0.73s           2024-11-30T09:32:32
/Users/nt/main_env/lib/python3.12/site-packages/airflow/example_dags/example_setup_teardown_taskflow.py                                                   1           0  0.72s           2024-11-30T09:32:39
/Users/nt/main_env/lib/python3.12/site-packages/airflow/example_dags/example_complex.py                                                                   1           0  0.72s           2024-11-30T09:31:46
/Users/nt/main_env/lib/python3.12/site-packages/airflow/example_dags/example_passing_params_via_test_command.py                                           1           0  0.72s           2024-11-30T09:31:24
/Users/nt/main_env/lib/python3.12/site-packages/airflow/example_dags/tutorial_dag.py                                                                      1           0  0.72s           2024-11-30T09:32:15
/Users/nt/main_env/lib/python3.12/site-packages/airflow/example_dags/example_display_name.py                                                              1           0  0.71s           2024-11-30T09:31:41
/Users/nt/main_env/lib/python3.12/site-packages/airflow/example_dags/example_dynamic_task_mapping.py                                                      1           0  0.71s           2024-11-30T09:31:40
/Users/nt/main_env/lib/python3.12/site-packages/airflow/example_dags/example_branch_datetime_operator.py                                                  3           0  0.71s           2024-11-30T09:31:55
/Users/nt/main_env/lib/python3.12/site-packages/airflow/example_dags/example_xcomargs.py                                                                  2           0  0.70s           2024-11-30T09:32:19
/Users/nt/main_env/lib/python3.12/site-packages/airflow/example_dags/example_sensor_decorator.py                                                          1           0  0.70s           2024-11-30T09:31:20
/Users/nt/main_env/lib/python3.12/site-packages/airflow/example_dags/example_branch_python_dop_operator_3.py                                              1           0  0.70s           2024-11-30T09:31:48
/Users/nt/main_env/lib/python3.12/site-packages/airflow/example_dags/example_python_operator.py                                                           1           0  0.69s           2024-11-30T09:31:22
/Users/nt/main_env/lib/python3.12/site-packages/airflow/example_dags/example_params_trigger_ui.py                                                         1           0  0.69s           2024-11-30T09:31:27
/Users/nt/main_env/lib/python3.12/site-packages/airflow/example_dags/tutorial_objectstorage.py                                                            1           0  0.69s           2024-11-30T09:32:14
/Users/nt/main_env/lib/python3.12/site-packages/airflow/example_dags/example_bash_operator.py                                                             1           0  0.69s           2024-11-30T09:31:57
/Users/nt/main_env/lib/python3.12/site-packages/airflow/example_dags/example_branch_day_of_week_operator.py                                               1           0  0.69s           2024-11-30T09:31:53
/Users/nt/main_env/lib/python3.12/site-packages/airflow/example_dags/example_latest_only_with_trigger.py                                                  1           0  0.69s           2024-11-30T09:31:31
/Users/nt/main_env/lib/python3.12/site-packages/airflow/example_dags/example_setup_teardown.py                                                            1           0  0.69s           2024-11-30T09:32:40
/Users/nt/main_env/lib/python3.12/site-packages/airflow/example_dags/example_bash_decorator.py                                                            1           0  0.68s           2024-11-30T09:31:58
/Users/nt/main_env/lib/python3.12/site-packages/airflow/example_dags/example_branch_labels.py                                                             1           0  0.68s           2024-11-30T09:31:52
/Users/nt/main_env/lib/python3.12/site-packages/airflow/example_dags/tutorial.py                                                                          1           0  0.68s           2024-11-30T09:32:17
/Users/nt/main_env/lib/python3.12/site-packages/airflow/example_dags/example_nested_branch_dag.py                                                         1           0  0.68s           2024-11-30T09:31:29
/Users/nt/main_env/lib/python3.12/site-packages/airflow/example_dags/example_latest_only.py                                                               1           0  0.68s           2024-11-30T09:31:33
/Users/nt/main_env/lib/python3.12/site-packages/airflow/example_dags/example_trigger_target_dag.py                                                        1           0  0.67s           2024-11-30T09:32:22
/Users/nt/main_env/lib/python3.12/site-packages/airflow/example_dags/example_skip_dag.py                                                                  1           0  0.67s           2024-11-30T09:32:34
/Users/nt/main_env/lib/python3.12/site-packages/airflow/example_dags/example_short_circuit_decorator.py                                                   1           0  0.66s           2024-11-30T09:32:38
/Users/nt/main_env/lib/python3.12/site-packages/airflow/example_dags/tutorial_taskflow_api.py                                                             1           0  0.66s           2024-11-30T09:32:12
/Users/nt/main_env/lib/python3.12/site-packages/airflow/example_dags/plugins/event_listener.py                                                            0           0  0.66s           2024-11-30T09:32:07
/Users/nt/main_env/lib/python3.12/site-packages/airflow/example_dags/example_task_group_decorator.py                                                      1           0  0.66s           2024-11-30T09:32:27
/Users/nt/main_env/lib/python3.12/site-packages/airflow/example_dags/example_short_circuit_operator.py                                                    1           0  0.65s           2024-11-30T09:32:36
/Users/nt/main_env/lib/python3.12/site-packages/airflow/example_dags/subdags/subdag.py                                                                    0           0  0.65s           2024-11-30T09:32:02
/Users/nt/main_env/lib/python3.12/site-packages/airflow/example_dags/plugins/workday.py                                                                   0           0  0.65s           2024-11-30T09:32:04
/Users/nt/main_env/lib/python3.12/site-packages/airflow/example_dags/example_subdag_operator.py                                                           3           0  0.65s           2024-11-30T09:32:31
/Users/nt/main_env/lib/python3.12/site-packages/airflow/example_dags/example_branch_operator_decorator.py                                                 0           0  0.65s           2024-11-30T09:31:49
/Users/nt/main_env/lib/python3.12/site-packages/airflow/example_dags/example_time_delta_sensor_async.py                                                   1           0  0.65s           2024-11-30T09:32:26
/Users/nt/main_env/lib/python3.12/site-packages/airflow/example_dags/plugins/listener_plugin.py                                                           0           0  0.65s           2024-11-30T09:32:05
/Users/nt/main_env/lib/python3.12/site-packages/airflow/example_dags/example_task_group.py                                                                1           0  0.64s           2024-11-30T09:32:29
/Users/nt/main_env/lib/python3.12/site-packages/airflow/example_dags/example_trigger_controller_dag.py                                                    1           0  0.64s           2024-11-30T09:32:24
/Users/nt/main_env/lib/python3.12/site-packages/airflow/example_dags/example_kubernetes_executor.py                                                       0           0  0.64s           2024-11-30T09:31:35
/Users/nt/main_env/lib/python3.12/site-packages/airflow/example_dags/example_sensors.py                                                                   1           0  0.64s           2024-11-30T09:32:41
/Users/nt/main_env/lib/python3.12/site-packages/airflow/example_dags/tutorial_taskflow_api_virtualenv.py                                                  0           0  0.64s           2024-11-30T09:32:10
/Users/nt/main_env/lib/python3.12/site-packages/airflow/example_dags/example_local_kubernetes_executor.py                                                 0           0  0.64s           2024-11-30T09:31:30
/Users/nt/main_env/lib/python3.12/site-packages/airflow/example_dags/example_branch_operator.py                                                           0           0  0.63s           2024-11-30T09:31:51
/Users/nt/main_env/lib/python3.12/site-packages/airflow/example_dags/plugins/decreasing_priority_weight_strategy.py                                       0           0  0.62s           2024-11-30T09:32:09
================================================================================
[2024-11-30T15:32:49.876+0600] {manager.py:452} INFO - Exiting gracefully upon receiving signal 15
